[debug] [2026-02-24T14:58:51.438Z] ----------------------------------------------------------------------
[debug] [2026-02-24T14:58:51.439Z] Command:       /usr/local/bin/node /usr/local/bin/firebase serve --only functions,hosting
[debug] [2026-02-24T14:58:51.439Z] CLI Version:   15.6.0
[debug] [2026-02-24T14:58:51.440Z] Platform:      darwin
[debug] [2026-02-24T14:58:51.440Z] Node Version:  v24.13.1
[debug] [2026-02-24T14:58:51.440Z] Time:          Tue Feb 24 2026 21:58:51 GMT+0700 (Indochina Time)
[debug] [2026-02-24T14:58:51.440Z] ----------------------------------------------------------------------
[debug] 
[debug] [2026-02-24T14:58:51.837Z] > command requires scopes: ["email","openid","https://www.googleapis.com/auth/cloudplatformprojects.readonly","https://www.googleapis.com/auth/firebase","https://www.googleapis.com/auth/cloud-platform"]
[debug] [2026-02-24T14:58:51.837Z] > authorizing via signed-in user (kritsada.wongtiwanon@gmail.com)
[debug] [2026-02-24T14:58:51.837Z] [iam] checking project silp-pilot-platform for permissions ["firebase.projects.get"]
[debug] [2026-02-24T14:58:51.837Z] Checked if tokens are valid: true, expires at: 1771947038682
[debug] [2026-02-24T14:58:51.837Z] Checked if tokens are valid: true, expires at: 1771947038682
[debug] [2026-02-24T14:58:51.837Z] >>> [apiv2][query] POST https://cloudresourcemanager.googleapis.com/v1/projects/silp-pilot-platform:testIamPermissions [none]
[debug] [2026-02-24T14:58:51.837Z] >>> [apiv2][(partial)header] POST https://cloudresourcemanager.googleapis.com/v1/projects/silp-pilot-platform:testIamPermissions  x-goog-user-project=silp-pilot-platform
[debug] [2026-02-24T14:58:51.837Z] >>> [apiv2][body] POST https://cloudresourcemanager.googleapis.com/v1/projects/silp-pilot-platform:testIamPermissions {"permissions":["firebase.projects.get"]}
[debug] [2026-02-24T14:58:53.014Z] <<< [apiv2][status] POST https://cloudresourcemanager.googleapis.com/v1/projects/silp-pilot-platform:testIamPermissions 200
[debug] [2026-02-24T14:58:53.014Z] <<< [apiv2][body] POST https://cloudresourcemanager.googleapis.com/v1/projects/silp-pilot-platform:testIamPermissions {"permissions":["firebase.projects.get"]}
[debug] [2026-02-24T14:58:53.015Z] Checked if tokens are valid: true, expires at: 1771947038682
[debug] [2026-02-24T14:58:53.015Z] Checked if tokens are valid: true, expires at: 1771947038682
[debug] [2026-02-24T14:58:53.016Z] >>> [apiv2][query] GET https://cloudresourcemanager.googleapis.com/v1/projects/silp-pilot-platform [none]
[debug] [2026-02-24T14:58:53.318Z] <<< [apiv2][status] GET https://cloudresourcemanager.googleapis.com/v1/projects/silp-pilot-platform 200
[debug] [2026-02-24T14:58:53.318Z] <<< [apiv2][body] GET https://cloudresourcemanager.googleapis.com/v1/projects/silp-pilot-platform {"projectNumber":"307814159914","projectId":"silp-pilot-platform","lifecycleState":"ACTIVE","name":"silp-pilot-platform","labels":{"firebase":"enabled","firebase-core":"disabled"},"createTime":"2025-11-14T16:56:40.304011Z"}
[debug] [2026-02-24T14:58:53.324Z] Checked if tokens are valid: true, expires at: 1771947038682
[debug] [2026-02-24T14:58:53.324Z] Checked if tokens are valid: true, expires at: 1771947038682
[debug] [2026-02-24T14:58:53.327Z] >>> [apiv2][query] GET https://firebasehosting.googleapis.com/v1beta1/projects/silp-pilot-platform/sites 
[debug] [2026-02-24T14:58:53.334Z] defaultcredentials: writing to file /Users/kenkomkrit/.config/firebase/kritsada_wongtiwanon_gmail.com_application_default_credentials.json
[debug] [2026-02-24T14:58:53.335Z] Setting GAC to /Users/kenkomkrit/.config/firebase/kritsada_wongtiwanon_gmail.com_application_default_credentials.json {"metadata":{"emulator":{"name":"functions"},"message":"Setting GAC to /Users/kenkomkrit/.config/firebase/kritsada_wongtiwanon_gmail.com_application_default_credentials.json"}}
[debug] [2026-02-24T14:58:53.336Z] Checked if tokens are valid: true, expires at: 1771947038682
[debug] [2026-02-24T14:58:53.336Z] Checked if tokens are valid: true, expires at: 1771947038682
[debug] [2026-02-24T14:58:53.336Z] >>> [apiv2][query] GET https://firebase.googleapis.com/v1beta1/projects/silp-pilot-platform/adminSdkConfig [none]
[debug] [2026-02-24T14:58:53.820Z] <<< [apiv2][status] GET https://firebase.googleapis.com/v1beta1/projects/silp-pilot-platform/adminSdkConfig 200
[debug] [2026-02-24T14:58:53.820Z] <<< [apiv2][body] GET https://firebase.googleapis.com/v1beta1/projects/silp-pilot-platform/adminSdkConfig {"projectId":"silp-pilot-platform","storageBucket":"silp-pilot-platform.firebasestorage.app"}
[debug] [2026-02-24T14:58:54.233Z] <<< [apiv2][status] GET https://firebasehosting.googleapis.com/v1beta1/projects/silp-pilot-platform/sites 200
[debug] [2026-02-24T14:58:54.233Z] <<< [apiv2][body] GET https://firebasehosting.googleapis.com/v1beta1/projects/silp-pilot-platform/sites {"sites":[{"name":"projects/silp-pilot-platform/sites/silp-pilot-platform","defaultUrl":"https://silp-pilot-platform.web.app","appId":"1:307814159914:web:b6b47ab4ac9d7c3816d553","type":"DEFAULT_SITE"}]}
[debug] [2026-02-24T14:58:54.234Z] Checked if tokens are valid: true, expires at: 1771947038682
[debug] [2026-02-24T14:58:54.234Z] Checked if tokens are valid: true, expires at: 1771947038682
[debug] [2026-02-24T14:58:54.234Z] >>> [apiv2][query] GET https://firebase.googleapis.com/v1beta1/projects/silp-pilot-platform/webApps/1:307814159914:web:b6b47ab4ac9d7c3816d553/config [none]
[debug] [2026-02-24T14:58:54.951Z] <<< [apiv2][status] GET https://firebase.googleapis.com/v1beta1/projects/silp-pilot-platform/webApps/1:307814159914:web:b6b47ab4ac9d7c3816d553/config 200
[debug] [2026-02-24T14:58:54.951Z] <<< [apiv2][body] GET https://firebase.googleapis.com/v1beta1/projects/silp-pilot-platform/webApps/1:307814159914:web:b6b47ab4ac9d7c3816d553/config {"projectId":"silp-pilot-platform","appId":"1:307814159914:web:b6b47ab4ac9d7c3816d553","storageBucket":"silp-pilot-platform.firebasestorage.app","apiKey":"AIzaSyBAVwsclZj7DhBGSB05ZJ0jtEPIlCi6zGA","authDomain":"silp-pilot-platform.firebaseapp.com","messagingSenderId":"307814159914","measurementId":"G-PLWSHCRFGY","projectNumber":"307814159914","version":"2"}
[debug] [2026-02-24T14:58:54.958Z] Checked if tokens are valid: true, expires at: 1771947038682
[debug] [2026-02-24T14:58:54.958Z] Checked if tokens are valid: true, expires at: 1771947038682
[debug] [2026-02-24T14:58:54.958Z] >>> [apiv2][query] GET https://firebase.googleapis.com/v1beta1/projects/silp-pilot-platform [none]
[debug] [2026-02-24T14:58:55.270Z] <<< [apiv2][status] GET https://firebase.googleapis.com/v1beta1/projects/silp-pilot-platform 200
[debug] [2026-02-24T14:58:55.270Z] <<< [apiv2][body] GET https://firebase.googleapis.com/v1beta1/projects/silp-pilot-platform {"projectId":"silp-pilot-platform","projectNumber":"307814159914","displayName":"silp-pilot-platform","name":"projects/silp-pilot-platform","resources":{"hostingSite":"silp-pilot-platform"},"state":"ACTIVE","etag":"1_3ae74dba-c63d-4356-8e56-728b539ec237"}
[info] i  functions: Watching "/Users/kenkomkrit/Desktop/SilpPilot/functions" for Cloud Functions... {"metadata":{"emulator":{"name":"functions"},"message":"Watching \"/Users/kenkomkrit/Desktop/SilpPilot/functions\" for Cloud Functions..."}}
[info] i  hosting[silp-pilot-platform]: Serving hosting files from: public {"metadata":{"emulator":{"name":"hosting"},"message":"Serving hosting files from: \u001b[1mpublic\u001b[22m"}}
[info] ✔  hosting[silp-pilot-platform]: Local server: http://localhost:5002 {"metadata":{"emulator":{"name":"hosting"},"message":"Local server: \u001b[4m\u001b[1mhttp://localhost:5002\u001b[22m\u001b[24m"}}
[debug] [2026-02-24T14:58:55.362Z] Validating nodejs source
[debug] [2026-02-24T14:58:55.950Z] > [functions] package.json contents: {
  "name": "functions",
  "description": "Cloud Functions for Firebase",
  "scripts": {
    "serve": "firebase emulators:start --only functions",
    "shell": "firebase functions:shell",
    "start": "npm run shell",
    "deploy": "firebase deploy --only functions",
    "logs": "firebase functions:log"
  },
  "engines": {
    "node": "22"
  },
  "main": "index.js",
  "dependencies": {
    "cors": "^2.8.5",
    "firebase-admin": "^12.6.0",
    "firebase-functions": "^7.0.0"
  },
  "devDependencies": {
    "firebase-functions-test": "^3.1.0"
  },
  "private": true
}
[debug] [2026-02-24T14:58:55.950Z] Building nodejs source
[debug] [2026-02-24T14:58:55.950Z] Failed to find version of module node: reached end of search path /Users/kenkomkrit/Desktop/SilpPilot/functions/node_modules
[warn] ⚠  functions: Your requested "node" version "22" doesn't match your global version "24". Using node@24 from host. 
[debug] [2026-02-24T14:58:55.951Z] Could not find functions.yaml. Must use http discovery
[debug] [2026-02-24T14:58:55.954Z] Found firebase-functions binary at '/Users/kenkomkrit/Desktop/SilpPilot/functions/node_modules/.bin/firebase-functions'
[info] Serving at port 8386

[debug] [2026-02-24T14:58:56.144Z] Got response from /__/functions.yaml {"endpoints":{"getFoldingBoxQuizData":{"availableMemoryMb":null,"timeoutSeconds":null,"minInstances":null,"maxInstances":null,"ingressSettings":null,"concurrency":null,"serviceAccountEmail":null,"vpc":null,"platform":"gcfv2","labels":{},"httpsTrigger":{},"entryPoint":"getFoldingBoxQuizData"},"saveFoldingBoxScore":{"availableMemoryMb":null,"timeoutSeconds":null,"minInstances":null,"maxInstances":null,"ingressSettings":null,"concurrency":null,"serviceAccountEmail":null,"vpc":null,"platform":"gcfv2","labels":{},"httpsTrigger":{},"entryPoint":"saveFoldingBoxScore"},"getBestFoldingBoxScore":{"availableMemoryMb":null,"timeoutSeconds":null,"minInstances":null,"maxInstances":null,"ingressSettings":null,"concurrency":null,"serviceAccountEmail":null,"vpc":null,"platform":"gcfv2","labels":{},"httpsTrigger":{},"entryPoint":"getBestFoldingBoxScore"},"getTutorialData":{"availableMemoryMb":null,"timeoutSeconds":null,"minInstances":null,"maxInstances":null,"ingressSettings":null,"concurrency":null,"serviceAccountEmail":null,"vpc":null,"platform":"gcfv2","labels":{},"httpsTrigger":{},"entryPoint":"getTutorialData"},"checkUserAccess":{"availableMemoryMb":null,"timeoutSeconds":null,"minInstances":null,"maxInstances":null,"ingressSettings":null,"concurrency":null,"serviceAccountEmail":null,"vpc":null,"platform":"gcfv2","labels":{},"httpsTrigger":{},"entryPoint":"checkUserAccess"},"addStudentAfterPayment":{"availableMemoryMb":null,"timeoutSeconds":null,"minInstances":null,"maxInstances":null,"ingressSettings":null,"concurrency":null,"serviceAccountEmail":null,"vpc":null,"platform":"gcfv2","labels":{},"httpsTrigger":{},"entryPoint":"addStudentAfterPayment"},"getSCS2024QuizData":{"availableMemoryMb":null,"timeoutSeconds":null,"minInstances":null,"maxInstances":null,"ingressSettings":null,"concurrency":null,"serviceAccountEmail":null,"vpc":null,"platform":"gcfv2","labels":{},"httpsTrigger":{},"entryPoint":"getSCS2024QuizData"},"saveSCS2024Score":{"availableMemoryMb":null,"timeoutSeconds":null,"minInstances":null,"maxInstances":null,"ingressSettings":null,"concurrency":null,"serviceAccountEmail":null,"vpc":null,"platform":"gcfv2","labels":{},"httpsTrigger":{},"entryPoint":"saveSCS2024Score"},"getBestSCS2024Score":{"availableMemoryMb":null,"timeoutSeconds":null,"minInstances":null,"maxInstances":null,"ingressSettings":null,"concurrency":null,"serviceAccountEmail":null,"vpc":null,"platform":"gcfv2","labels":{},"httpsTrigger":{},"entryPoint":"getBestSCS2024Score"},"getSCSQuizData":{"availableMemoryMb":null,"timeoutSeconds":null,"minInstances":null,"maxInstances":null,"ingressSettings":null,"concurrency":null,"serviceAccountEmail":null,"vpc":null,"platform":"gcfv2","labels":{},"httpsTrigger":{},"entryPoint":"getSCSQuizData"},"saveSCSScore":{"availableMemoryMb":null,"timeoutSeconds":null,"minInstances":null,"maxInstances":null,"ingressSettings":null,"concurrency":null,"serviceAccountEmail":null,"vpc":null,"platform":"gcfv2","labels":{},"httpsTrigger":{},"entryPoint":"saveSCSScore"},"getBestSCSScore":{"availableMemoryMb":null,"timeoutSeconds":null,"minInstances":null,"maxInstances":null,"ingressSettings":null,"concurrency":null,"serviceAccountEmail":null,"vpc":null,"platform":"gcfv2","labels":{},"httpsTrigger":{},"entryPoint":"getBestSCSScore"},"getSCNQuizData":{"availableMemoryMb":null,"timeoutSeconds":null,"minInstances":null,"maxInstances":null,"ingressSettings":null,"concurrency":null,"serviceAccountEmail":null,"vpc":null,"platform":"gcfv2","labels":{},"httpsTrigger":{},"entryPoint":"getSCNQuizData"},"saveSCNScore":{"availableMemoryMb":null,"timeoutSeconds":null,"minInstances":null,"maxInstances":null,"ingressSettings":null,"concurrency":null,"serviceAccountEmail":null,"vpc":null,"platform":"gcfv2","labels":{},"httpsTrigger":{},"entryPoint":"saveSCNScore"},"getBestSCNScore":{"availableMemoryMb":null,"timeoutSeconds":null,"minInstances":null,"maxInstances":null,"ingressSettings":null,"concurrency":null,"serviceAccountEmail":null,"vpc":null,"platform":"gcfv2","labels":{},"httpsTrigger":{},"entryPoint":"getBestSCNScore"},"getRubik3D2024QuizData":{"availableMemoryMb":null,"timeoutSeconds":null,"minInstances":null,"maxInstances":null,"ingressSettings":null,"concurrency":null,"serviceAccountEmail":null,"vpc":null,"platform":"gcfv2","labels":{},"httpsTrigger":{},"entryPoint":"getRubik3D2024QuizData"},"saveRubik3D2024Score":{"availableMemoryMb":null,"timeoutSeconds":null,"minInstances":null,"maxInstances":null,"ingressSettings":null,"concurrency":null,"serviceAccountEmail":null,"vpc":null,"platform":"gcfv2","labels":{},"httpsTrigger":{},"entryPoint":"saveRubik3D2024Score"},"getBestRubik3D2024Score":{"availableMemoryMb":null,"timeoutSeconds":null,"minInstances":null,"maxInstances":null,"ingressSettings":null,"concurrency":null,"serviceAccountEmail":null,"vpc":null,"platform":"gcfv2","labels":{},"httpsTrigger":{},"entryPoint":"getBestRubik3D2024Score"},"getSCTQuizData":{"availableMemoryMb":null,"timeoutSeconds":null,"minInstances":null,"maxInstances":null,"ingressSettings":null,"concurrency":null,"serviceAccountEmail":null,"vpc":null,"platform":"gcfv2","labels":{},"httpsTrigger":{},"entryPoint":"getSCTQuizData"},"saveSCTScore":{"availableMemoryMb":null,"timeoutSeconds":null,"minInstances":null,"maxInstances":null,"ingressSettings":null,"concurrency":null,"serviceAccountEmail":null,"vpc":null,"platform":"gcfv2","labels":{},"httpsTrigger":{},"entryPoint":"saveSCTScore"},"getBestSCTScore":{"availableMemoryMb":null,"timeoutSeconds":null,"minInstances":null,"maxInstances":null,"ingressSettings":null,"concurrency":null,"serviceAccountEmail":null,"vpc":null,"platform":"gcfv2","labels":{},"httpsTrigger":{},"entryPoint":"getBestSCTScore"},"submitGSCScore":{"availableMemoryMb":null,"timeoutSeconds":null,"minInstances":null,"maxInstances":null,"ingressSettings":null,"concurrency":null,"serviceAccountEmail":null,"vpc":null,"platform":"gcfv2","labels":{},"httpsTrigger":{},"entryPoint":"submitGSCScore"},"getAPRQuizData":{"availableMemoryMb":null,"timeoutSeconds":null,"minInstances":null,"maxInstances":null,"ingressSettings":null,"concurrency":null,"serviceAccountEmail":null,"vpc":null,"platform":"gcfv2","labels":{},"httpsTrigger":{},"entryPoint":"getAPRQuizData"},"submitAPRScore":{"availableMemoryMb":null,"timeoutSeconds":null,"minInstances":null,"maxInstances":null,"ingressSettings":null,"concurrency":null,"serviceAccountEmail":null,"vpc":null,"platform":"gcfv2","labels":{},"httpsTrigger":{},"entryPoint":"submitAPRScore"},"getSTRStory":{"availableMemoryMb":null,"timeoutSeconds":null,"minInstances":null,"maxInstances":null,"ingressSettings":null,"concurrency":null,"serviceAccountEmail":null,"vpc":null,"platform":"gcfv2","labels":{},"httpsTrigger":{},"entryPoint":"getSTRStory"},"saveSTRScore":{"availableMemoryMb":null,"timeoutSeconds":null,"minInstances":null,"maxInstances":null,"ingressSettings":null,"concurrency":null,"serviceAccountEmail":null,"vpc":null,"platform":"gcfv2","labels":{},"httpsTrigger":{},"entryPoint":"saveSTRScore"},"getBestSTRScore":{"availableMemoryMb":null,"timeoutSeconds":null,"minInstances":null,"maxInstances":null,"ingressSettings":null,"concurrency":null,"serviceAccountEmail":null,"vpc":null,"platform":"gcfv2","labels":{},"httpsTrigger":{},"entryPoint":"getBestSTRScore"},"getSRPQuizData":{"availableMemoryMb":null,"timeoutSeconds":null,"minInstances":null,"maxInstances":null,"ingressSettings":null,"concurrency":null,"serviceAccountEmail":null,"vpc":null,"platform":"gcfv2","labels":{},"httpsTrigger":{},"entryPoint":"getSRPQuizData"},"submitSRPScore":{"availableMemoryMb":null,"timeoutSeconds":null,"minInstances":null,"maxInstances":null,"ingressSettings":null,"concurrency":null,"serviceAccountEmail":null,"vpc":null,"platform":"gcfv2","labels":{},"httpsTrigger":{},"entryPoint":"submitSRPScore"},"getSRNQuizData":{"availableMemoryMb":null,"timeoutSeconds":null,"minInstances":null,"maxInstances":null,"ingressSettings":null,"concurrency":null,"serviceAccountEmail":null,"vpc":null,"platform":"gcfv2","labels":{},"httpsTrigger":{},"entryPoint":"getSRNQuizData"},"submitSRNScore":{"availableMemoryMb":null,"timeoutSeconds":null,"minInstances":null,"maxInstances":null,"ingressSettings":null,"concurrency":null,"serviceAccountEmail":null,"vpc":null,"platform":"gcfv2","labels":{},"httpsTrigger":{},"entryPoint":"submitSRNScore"},"getSTSQuizData":{"availableMemoryMb":null,"timeoutSeconds":null,"minInstances":null,"maxInstances":null,"ingressSettings":null,"concurrency":null,"serviceAccountEmail":null,"vpc":null,"platform":"gcfv2","labels":{},"httpsTrigger":{},"entryPoint":"getSTSQuizData"},"submitSTSScore":{"availableMemoryMb":null,"timeoutSeconds":null,"minInstances":null,"maxInstances":null,"ingressSettings":null,"concurrency":null,"serviceAccountEmail":null,"vpc":null,"platform":"gcfv2","labels":{},"httpsTrigger":{},"entryPoint":"submitSTSScore"},"getRubik3D2016QuizData":{"availableMemoryMb":null,"timeoutSeconds":null,"minInstances":null,"maxInstances":null,"ingressSettings":null,"concurrency":null,"serviceAccountEmail":null,"vpc":null,"platform":"gcfv2","labels":{},"httpsTrigger":{},"entryPoint":"getRubik3D2016QuizData"},"saveRubik3D2016Score":{"availableMemoryMb":null,"timeoutSeconds":null,"minInstances":null,"maxInstances":null,"ingressSettings":null,"concurrency":null,"serviceAccountEmail":null,"vpc":null,"platform":"gcfv2","labels":{},"httpsTrigger":{},"entryPoint":"saveRubik3D2016Score"},"getBestRubik3D2016Score":{"availableMemoryMb":null,"timeoutSeconds":null,"minInstances":null,"maxInstances":null,"ingressSettings":null,"concurrency":null,"serviceAccountEmail":null,"vpc":null,"platform":"gcfv2","labels":{},"httpsTrigger":{},"entryPoint":"getBestRubik3D2016Score"},"saveMockupScore":{"availableMemoryMb":null,"timeoutSeconds":null,"minInstances":null,"maxInstances":null,"ingressSettings":null,"concurrency":null,"serviceAccountEmail":null,"vpc":null,"platform":"gcfv2","labels":{},"httpsTrigger":{},"entryPoint":"saveMockupScore"},"getBestMockupScore":{"availableMemoryMb":null,"timeoutSeconds":null,"minInstances":null,"maxInstances":null,"ingressSettings":null,"concurrency":null,"serviceAccountEmail":null,"vpc":null,"platform":"gcfv2","labels":{},"httpsTrigger":{},"entryPoint":"getBestMockupScore"}},"specVersion":"v1alpha1","requiredAPIs":[],"extensions":{}}
[info] ✔  functions: Loaded functions definitions from source: getFoldingBoxQuizData, saveFoldingBoxScore, getBestFoldingBoxScore, getTutorialData, checkUserAccess, addStudentAfterPayment, getSCS2024QuizData, saveSCS2024Score, getBestSCS2024Score, getSCSQuizData, saveSCSScore, getBestSCSScore, getSCNQuizData, saveSCNScore, getBestSCNScore, getRubik3D2024QuizData, saveRubik3D2024Score, getBestRubik3D2024Score, getSCTQuizData, saveSCTScore, getBestSCTScore, submitGSCScore, getAPRQuizData, submitAPRScore, getSTRStory, saveSTRScore, getBestSTRScore, getSRPQuizData, submitSRPScore, getSRNQuizData, submitSRNScore, getSTSQuizData, submitSTSScore, getRubik3D2016QuizData, saveRubik3D2016Score, getBestRubik3D2016Score, saveMockupScore, getBestMockupScore. {"metadata":{"emulator":{"name":"functions"},"message":"Loaded functions definitions from source: getFoldingBoxQuizData, saveFoldingBoxScore, getBestFoldingBoxScore, getTutorialData, checkUserAccess, addStudentAfterPayment, getSCS2024QuizData, saveSCS2024Score, getBestSCS2024Score, getSCSQuizData, saveSCSScore, getBestSCSScore, getSCNQuizData, saveSCNScore, getBestSCNScore, getRubik3D2024QuizData, saveRubik3D2024Score, getBestRubik3D2024Score, getSCTQuizData, saveSCTScore, getBestSCTScore, submitGSCScore, getAPRQuizData, submitAPRScore, getSTRStory, saveSTRScore, getBestSTRScore, getSRPQuizData, submitSRPScore, getSRNQuizData, submitSRNScore, getSTSQuizData, submitSTSScore, getRubik3D2016QuizData, saveRubik3D2016Score, getBestRubik3D2016Score, saveMockupScore, getBestMockupScore."}}
[info] ✔  functions[us-central1-getFoldingBoxQuizData]: http function initialized (http://localhost:5001/silp-pilot-platform/us-central1/getFoldingBoxQuizData). {"metadata":{"emulator":{"name":"functions"},"message":"\u001b[1mhttp\u001b[22m function initialized (http://localhost:5001/silp-pilot-platform/us-central1/getFoldingBoxQuizData)."}}
[info] ✔  functions[us-central1-saveFoldingBoxScore]: http function initialized (http://localhost:5001/silp-pilot-platform/us-central1/saveFoldingBoxScore). {"metadata":{"emulator":{"name":"functions"},"message":"\u001b[1mhttp\u001b[22m function initialized (http://localhost:5001/silp-pilot-platform/us-central1/saveFoldingBoxScore)."}}
[info] ✔  functions[us-central1-getBestFoldingBoxScore]: http function initialized (http://localhost:5001/silp-pilot-platform/us-central1/getBestFoldingBoxScore). {"metadata":{"emulator":{"name":"functions"},"message":"\u001b[1mhttp\u001b[22m function initialized (http://localhost:5001/silp-pilot-platform/us-central1/getBestFoldingBoxScore)."}}
[info] ✔  functions[us-central1-getTutorialData]: http function initialized (http://localhost:5001/silp-pilot-platform/us-central1/getTutorialData). {"metadata":{"emulator":{"name":"functions"},"message":"\u001b[1mhttp\u001b[22m function initialized (http://localhost:5001/silp-pilot-platform/us-central1/getTutorialData)."}}
[info] ✔  functions[us-central1-checkUserAccess]: http function initialized (http://localhost:5001/silp-pilot-platform/us-central1/checkUserAccess). {"metadata":{"emulator":{"name":"functions"},"message":"\u001b[1mhttp\u001b[22m function initialized (http://localhost:5001/silp-pilot-platform/us-central1/checkUserAccess)."}}
[info] ✔  functions[us-central1-addStudentAfterPayment]: http function initialized (http://localhost:5001/silp-pilot-platform/us-central1/addStudentAfterPayment). {"metadata":{"emulator":{"name":"functions"},"message":"\u001b[1mhttp\u001b[22m function initialized (http://localhost:5001/silp-pilot-platform/us-central1/addStudentAfterPayment)."}}
[info] ✔  functions[us-central1-getSCS2024QuizData]: http function initialized (http://localhost:5001/silp-pilot-platform/us-central1/getSCS2024QuizData). {"metadata":{"emulator":{"name":"functions"},"message":"\u001b[1mhttp\u001b[22m function initialized (http://localhost:5001/silp-pilot-platform/us-central1/getSCS2024QuizData)."}}
[info] ✔  functions[us-central1-saveSCS2024Score]: http function initialized (http://localhost:5001/silp-pilot-platform/us-central1/saveSCS2024Score). {"metadata":{"emulator":{"name":"functions"},"message":"\u001b[1mhttp\u001b[22m function initialized (http://localhost:5001/silp-pilot-platform/us-central1/saveSCS2024Score)."}}
[info] ✔  functions[us-central1-getBestSCS2024Score]: http function initialized (http://localhost:5001/silp-pilot-platform/us-central1/getBestSCS2024Score). {"metadata":{"emulator":{"name":"functions"},"message":"\u001b[1mhttp\u001b[22m function initialized (http://localhost:5001/silp-pilot-platform/us-central1/getBestSCS2024Score)."}}
[info] ✔  functions[us-central1-getSCSQuizData]: http function initialized (http://localhost:5001/silp-pilot-platform/us-central1/getSCSQuizData). {"metadata":{"emulator":{"name":"functions"},"message":"\u001b[1mhttp\u001b[22m function initialized (http://localhost:5001/silp-pilot-platform/us-central1/getSCSQuizData)."}}
[info] ✔  functions[us-central1-saveSCSScore]: http function initialized (http://localhost:5001/silp-pilot-platform/us-central1/saveSCSScore). {"metadata":{"emulator":{"name":"functions"},"message":"\u001b[1mhttp\u001b[22m function initialized (http://localhost:5001/silp-pilot-platform/us-central1/saveSCSScore)."}}
[info] ✔  functions[us-central1-getBestSCSScore]: http function initialized (http://localhost:5001/silp-pilot-platform/us-central1/getBestSCSScore). {"metadata":{"emulator":{"name":"functions"},"message":"\u001b[1mhttp\u001b[22m function initialized (http://localhost:5001/silp-pilot-platform/us-central1/getBestSCSScore)."}}
[info] ✔  functions[us-central1-getSCNQuizData]: http function initialized (http://localhost:5001/silp-pilot-platform/us-central1/getSCNQuizData). {"metadata":{"emulator":{"name":"functions"},"message":"\u001b[1mhttp\u001b[22m function initialized (http://localhost:5001/silp-pilot-platform/us-central1/getSCNQuizData)."}}
[info] ✔  functions[us-central1-saveSCNScore]: http function initialized (http://localhost:5001/silp-pilot-platform/us-central1/saveSCNScore). {"metadata":{"emulator":{"name":"functions"},"message":"\u001b[1mhttp\u001b[22m function initialized (http://localhost:5001/silp-pilot-platform/us-central1/saveSCNScore)."}}
[info] ✔  functions[us-central1-getBestSCNScore]: http function initialized (http://localhost:5001/silp-pilot-platform/us-central1/getBestSCNScore). {"metadata":{"emulator":{"name":"functions"},"message":"\u001b[1mhttp\u001b[22m function initialized (http://localhost:5001/silp-pilot-platform/us-central1/getBestSCNScore)."}}
[info] ✔  functions[us-central1-getRubik3D2024QuizData]: http function initialized (http://localhost:5001/silp-pilot-platform/us-central1/getRubik3D2024QuizData). {"metadata":{"emulator":{"name":"functions"},"message":"\u001b[1mhttp\u001b[22m function initialized (http://localhost:5001/silp-pilot-platform/us-central1/getRubik3D2024QuizData)."}}
[info] ✔  functions[us-central1-saveRubik3D2024Score]: http function initialized (http://localhost:5001/silp-pilot-platform/us-central1/saveRubik3D2024Score). {"metadata":{"emulator":{"name":"functions"},"message":"\u001b[1mhttp\u001b[22m function initialized (http://localhost:5001/silp-pilot-platform/us-central1/saveRubik3D2024Score)."}}
[info] ✔  functions[us-central1-getBestRubik3D2024Score]: http function initialized (http://localhost:5001/silp-pilot-platform/us-central1/getBestRubik3D2024Score). {"metadata":{"emulator":{"name":"functions"},"message":"\u001b[1mhttp\u001b[22m function initialized (http://localhost:5001/silp-pilot-platform/us-central1/getBestRubik3D2024Score)."}}
[info] ✔  functions[us-central1-getSCTQuizData]: http function initialized (http://localhost:5001/silp-pilot-platform/us-central1/getSCTQuizData). {"metadata":{"emulator":{"name":"functions"},"message":"\u001b[1mhttp\u001b[22m function initialized (http://localhost:5001/silp-pilot-platform/us-central1/getSCTQuizData)."}}
[info] ✔  functions[us-central1-saveSCTScore]: http function initialized (http://localhost:5001/silp-pilot-platform/us-central1/saveSCTScore). {"metadata":{"emulator":{"name":"functions"},"message":"\u001b[1mhttp\u001b[22m function initialized (http://localhost:5001/silp-pilot-platform/us-central1/saveSCTScore)."}}
[info] ✔  functions[us-central1-getBestSCTScore]: http function initialized (http://localhost:5001/silp-pilot-platform/us-central1/getBestSCTScore). {"metadata":{"emulator":{"name":"functions"},"message":"\u001b[1mhttp\u001b[22m function initialized (http://localhost:5001/silp-pilot-platform/us-central1/getBestSCTScore)."}}
[info] ✔  functions[us-central1-submitGSCScore]: http function initialized (http://localhost:5001/silp-pilot-platform/us-central1/submitGSCScore). {"metadata":{"emulator":{"name":"functions"},"message":"\u001b[1mhttp\u001b[22m function initialized (http://localhost:5001/silp-pilot-platform/us-central1/submitGSCScore)."}}
[info] ✔  functions[us-central1-getAPRQuizData]: http function initialized (http://localhost:5001/silp-pilot-platform/us-central1/getAPRQuizData). {"metadata":{"emulator":{"name":"functions"},"message":"\u001b[1mhttp\u001b[22m function initialized (http://localhost:5001/silp-pilot-platform/us-central1/getAPRQuizData)."}}
[info] ✔  functions[us-central1-submitAPRScore]: http function initialized (http://localhost:5001/silp-pilot-platform/us-central1/submitAPRScore). {"metadata":{"emulator":{"name":"functions"},"message":"\u001b[1mhttp\u001b[22m function initialized (http://localhost:5001/silp-pilot-platform/us-central1/submitAPRScore)."}}
[info] ✔  functions[us-central1-getSTRStory]: http function initialized (http://localhost:5001/silp-pilot-platform/us-central1/getSTRStory). {"metadata":{"emulator":{"name":"functions"},"message":"\u001b[1mhttp\u001b[22m function initialized (http://localhost:5001/silp-pilot-platform/us-central1/getSTRStory)."}}
[info] ✔  functions[us-central1-saveSTRScore]: http function initialized (http://localhost:5001/silp-pilot-platform/us-central1/saveSTRScore). {"metadata":{"emulator":{"name":"functions"},"message":"\u001b[1mhttp\u001b[22m function initialized (http://localhost:5001/silp-pilot-platform/us-central1/saveSTRScore)."}}
[info] ✔  functions[us-central1-getBestSTRScore]: http function initialized (http://localhost:5001/silp-pilot-platform/us-central1/getBestSTRScore). {"metadata":{"emulator":{"name":"functions"},"message":"\u001b[1mhttp\u001b[22m function initialized (http://localhost:5001/silp-pilot-platform/us-central1/getBestSTRScore)."}}
[info] ✔  functions[us-central1-getSRPQuizData]: http function initialized (http://localhost:5001/silp-pilot-platform/us-central1/getSRPQuizData). {"metadata":{"emulator":{"name":"functions"},"message":"\u001b[1mhttp\u001b[22m function initialized (http://localhost:5001/silp-pilot-platform/us-central1/getSRPQuizData)."}}
[info] ✔  functions[us-central1-submitSRPScore]: http function initialized (http://localhost:5001/silp-pilot-platform/us-central1/submitSRPScore). {"metadata":{"emulator":{"name":"functions"},"message":"\u001b[1mhttp\u001b[22m function initialized (http://localhost:5001/silp-pilot-platform/us-central1/submitSRPScore)."}}
[info] ✔  functions[us-central1-getSRNQuizData]: http function initialized (http://localhost:5001/silp-pilot-platform/us-central1/getSRNQuizData). {"metadata":{"emulator":{"name":"functions"},"message":"\u001b[1mhttp\u001b[22m function initialized (http://localhost:5001/silp-pilot-platform/us-central1/getSRNQuizData)."}}
[info] ✔  functions[us-central1-submitSRNScore]: http function initialized (http://localhost:5001/silp-pilot-platform/us-central1/submitSRNScore). {"metadata":{"emulator":{"name":"functions"},"message":"\u001b[1mhttp\u001b[22m function initialized (http://localhost:5001/silp-pilot-platform/us-central1/submitSRNScore)."}}
[info] ✔  functions[us-central1-getSTSQuizData]: http function initialized (http://localhost:5001/silp-pilot-platform/us-central1/getSTSQuizData). {"metadata":{"emulator":{"name":"functions"},"message":"\u001b[1mhttp\u001b[22m function initialized (http://localhost:5001/silp-pilot-platform/us-central1/getSTSQuizData)."}}
[info] ✔  functions[us-central1-submitSTSScore]: http function initialized (http://localhost:5001/silp-pilot-platform/us-central1/submitSTSScore). {"metadata":{"emulator":{"name":"functions"},"message":"\u001b[1mhttp\u001b[22m function initialized (http://localhost:5001/silp-pilot-platform/us-central1/submitSTSScore)."}}
[info] ✔  functions[us-central1-getRubik3D2016QuizData]: http function initialized (http://localhost:5001/silp-pilot-platform/us-central1/getRubik3D2016QuizData). {"metadata":{"emulator":{"name":"functions"},"message":"\u001b[1mhttp\u001b[22m function initialized (http://localhost:5001/silp-pilot-platform/us-central1/getRubik3D2016QuizData)."}}
[info] ✔  functions[us-central1-saveRubik3D2016Score]: http function initialized (http://localhost:5001/silp-pilot-platform/us-central1/saveRubik3D2016Score). {"metadata":{"emulator":{"name":"functions"},"message":"\u001b[1mhttp\u001b[22m function initialized (http://localhost:5001/silp-pilot-platform/us-central1/saveRubik3D2016Score)."}}
[info] ✔  functions[us-central1-getBestRubik3D2016Score]: http function initialized (http://localhost:5001/silp-pilot-platform/us-central1/getBestRubik3D2016Score). {"metadata":{"emulator":{"name":"functions"},"message":"\u001b[1mhttp\u001b[22m function initialized (http://localhost:5001/silp-pilot-platform/us-central1/getBestRubik3D2016Score)."}}
[info] ✔  functions[us-central1-saveMockupScore]: http function initialized (http://localhost:5001/silp-pilot-platform/us-central1/saveMockupScore). {"metadata":{"emulator":{"name":"functions"},"message":"\u001b[1mhttp\u001b[22m function initialized (http://localhost:5001/silp-pilot-platform/us-central1/saveMockupScore)."}}
[info] ✔  functions[us-central1-getBestMockupScore]: http function initialized (http://localhost:5001/silp-pilot-platform/us-central1/getBestMockupScore). {"metadata":{"emulator":{"name":"functions"},"message":"\u001b[1mhttp\u001b[22m function initialized (http://localhost:5001/silp-pilot-platform/us-central1/getBestMockupScore)."}}
[info] i  hosting: ::1 - - [24/Feb/2026:14:59:04 +0000] "GET /games/index.html HTTP/1.1" 200 - "http://localhost:5002/games/SCT.html" "Mozilla/5.0 (Macintosh; Intel Mac OS X 10_15_7) AppleWebKit/537.36 (KHTML, like Gecko) Chrome/145.0.0.0 Safari/537.36" {"metadata":{"emulator":{"name":"hosting"},"message":"::1 - - [24/Feb/2026:14:59:04 +0000] \"GET /games/index.html HTTP/1.1\" 200 - \"http://localhost:5002/games/SCT.html\" \"Mozilla/5.0 (Macintosh; Intel Mac OS X 10_15_7) AppleWebKit/537.36 (KHTML, like Gecko) Chrome/145.0.0.0 Safari/537.36\""}}
[info] i  hosting: ::1 - - [24/Feb/2026:14:59:04 +0000] "GET /favicon.ico HTTP/1.1" 200 - "http://localhost:5002/games/index.html" "Mozilla/5.0 (Macintosh; Intel Mac OS X 10_15_7) AppleWebKit/537.36 (KHTML, like Gecko) Chrome/145.0.0.0 Safari/537.36" {"metadata":{"emulator":{"name":"hosting"},"message":"::1 - - [24/Feb/2026:14:59:04 +0000] \"GET /favicon.ico HTTP/1.1\" 200 - \"http://localhost:5002/games/index.html\" \"Mozilla/5.0 (Macintosh; Intel Mac OS X 10_15_7) AppleWebKit/537.36 (KHTML, like Gecko) Chrome/145.0.0.0 Safari/537.36\""}}
[info] i  hosting: ::1 - - [24/Feb/2026:14:59:10 +0000] "GET /games/index.html HTTP/1.1" 200 - "http://localhost:5002/games/SCT.html" "Mozilla/5.0 (Macintosh; Intel Mac OS X 10_15_7) AppleWebKit/537.36 (KHTML, like Gecko) Chrome/145.0.0.0 Safari/537.36" {"metadata":{"emulator":{"name":"hosting"},"message":"::1 - - [24/Feb/2026:14:59:10 +0000] \"GET /games/index.html HTTP/1.1\" 200 - \"http://localhost:5002/games/SCT.html\" \"Mozilla/5.0 (Macintosh; Intel Mac OS X 10_15_7) AppleWebKit/537.36 (KHTML, like Gecko) Chrome/145.0.0.0 Safari/537.36\""}}
[info] i  hosting: ::1 - - [24/Feb/2026:14:59:10 +0000] "GET /favicon.ico HTTP/1.1" 200 - "http://localhost:5002/games/index.html" "Mozilla/5.0 (Macintosh; Intel Mac OS X 10_15_7) AppleWebKit/537.36 (KHTML, like Gecko) Chrome/145.0.0.0 Safari/537.36" {"metadata":{"emulator":{"name":"hosting"},"message":"::1 - - [24/Feb/2026:14:59:10 +0000] \"GET /favicon.ico HTTP/1.1\" 200 - \"http://localhost:5002/games/index.html\" \"Mozilla/5.0 (Macintosh; Intel Mac OS X 10_15_7) AppleWebKit/537.36 (KHTML, like Gecko) Chrome/145.0.0.0 Safari/537.36\""}}
[info] i  hosting: ::1 - - [24/Feb/2026:14:59:12 +0000] "GET /games/SCT.html HTTP/1.1" 200 - "http://localhost:5002/games/index.html" "Mozilla/5.0 (Macintosh; Intel Mac OS X 10_15_7) AppleWebKit/537.36 (KHTML, like Gecko) Chrome/145.0.0.0 Safari/537.36" {"metadata":{"emulator":{"name":"hosting"},"message":"::1 - - [24/Feb/2026:14:59:12 +0000] \"GET /games/SCT.html HTTP/1.1\" 200 - \"http://localhost:5002/games/index.html\" \"Mozilla/5.0 (Macintosh; Intel Mac OS X 10_15_7) AppleWebKit/537.36 (KHTML, like Gecko) Chrome/145.0.0.0 Safari/537.36\""}}
[info] i  hosting: ::1 - - [24/Feb/2026:14:59:28 +0000] "GET /games/SCT.html HTTP/1.1" 200 - "http://localhost:5002/games/SCT.html" "Mozilla/5.0 (Macintosh; Intel Mac OS X 10_15_7) AppleWebKit/537.36 (KHTML, like Gecko) Chrome/145.0.0.0 Safari/537.36" {"metadata":{"emulator":{"name":"hosting"},"message":"::1 - - [24/Feb/2026:14:59:28 +0000] \"GET /games/SCT.html HTTP/1.1\" 200 - \"http://localhost:5002/games/SCT.html\" \"Mozilla/5.0 (Macintosh; Intel Mac OS X 10_15_7) AppleWebKit/537.36 (KHTML, like Gecko) Chrome/145.0.0.0 Safari/537.36\""}}
